[debug] [2020-12-09T11:15:15.122Z] ----------------------------------------------------------------------
[debug] [2020-12-09T11:15:15.124Z] Command:       /usr/bin/node /usr/bin/firebase deploy
[debug] [2020-12-09T11:15:15.124Z] CLI Version:   8.16.2
[debug] [2020-12-09T11:15:15.124Z] Platform:      linux
[debug] [2020-12-09T11:15:15.124Z] Node Version:  v12.20.0
[debug] [2020-12-09T11:15:15.125Z] Time:          Wed Dec 09 2020 12:15:15 GMT+0100 (West Africa Standard Time)
[debug] [2020-12-09T11:15:15.125Z] ----------------------------------------------------------------------
[debug] [2020-12-09T11:15:15.125Z] 
[debug] [2020-12-09T11:15:15.137Z] >>> [apiv2][query] GET https://firebase-public.firebaseio.com/cli.json [none]
[debug] [2020-12-09T11:15:15.216Z] > command requires scopes: ["email","openid","https://www.googleapis.com/auth/cloudplatformprojects.readonly","https://www.googleapis.com/auth/firebase","https://www.googleapis.com/auth/cloud-platform"]
[debug] [2020-12-09T11:15:15.217Z] > authorizing via signed-in user
[debug] [2020-12-09T11:15:15.217Z] [iam] checking project my-burger-app-ecaee for permissions ["firebase.projects.get","firebasehosting.sites.update"]
[debug] [2020-12-09T11:15:15.219Z] > refreshing access token with scopes: ["email","https://www.googleapis.com/auth/cloud-platform","https://www.googleapis.com/auth/cloudplatformprojects.readonly","https://www.googleapis.com/auth/firebase","openid"]
[debug] [2020-12-09T11:15:15.220Z] >>> HTTP REQUEST POST https://www.googleapis.com/oauth2/v3/token  
 <request body omitted>
[debug] [2020-12-09T11:15:16.335Z] <<< HTTP RESPONSE 200 {"date":"Wed, 09 Dec 2020 11:15:16 GMT","expires":"Mon, 01 Jan 1990 00:00:00 GMT","pragma":"no-cache","cache-control":"no-cache, no-store, max-age=0, must-revalidate","content-type":"application/json; charset=utf-8","vary":"X-Origin, Referer, Origin,Accept-Encoding","server":"scaffolding on HTTPServer2","x-xss-protection":"0","x-frame-options":"SAMEORIGIN","x-content-type-options":"nosniff","alt-svc":"h3-29=\":443\"; ma=2592000,h3-T051=\":443\"; ma=2592000,h3-Q050=\":443\"; ma=2592000,h3-Q046=\":443\"; ma=2592000,h3-Q043=\":443\"; ma=2592000,quic=\":443\"; ma=2592000; v=\"46,43\"","accept-ranges":"none","transfer-encoding":"chunked"}
[debug] [2020-12-09T11:15:16.447Z] >>> HTTP REQUEST POST https://cloudresourcemanager.googleapis.com/v1/projects/my-burger-app-ecaee:testIamPermissions  
 {"permissions":["firebase.projects.get","firebasehosting.sites.update"]}
[debug] [2020-12-09T11:15:17.962Z] <<< [apiv2][status] GET https://firebase-public.firebaseio.com/cli.json 200
[debug] [2020-12-09T11:15:17.962Z] <<< [apiv2][body] GET https://firebase-public.firebaseio.com/cli.json {"cloudBuildErrorAfter":1594252800000,"cloudBuildWarnAfter":1590019200000,"defaultNode10After":1594252800000,"minVersion":"3.0.5","node8DeploysDisabledAfter":1613390400000,"node8RuntimeDisabledAfter":1615809600000,"node8WarnAfter":1600128000000}
[debug] [2020-12-09T11:15:23.188Z] <<< HTTP RESPONSE 200 {"content-type":"application/json; charset=UTF-8","vary":"X-Origin, Referer, Origin,Accept-Encoding","date":"Wed, 09 Dec 2020 11:15:22 GMT","server":"ESF","cache-control":"private","x-xss-protection":"0","x-frame-options":"SAMEORIGIN","x-content-type-options":"nosniff","server-timing":"gfet4t7; dur=1124","alt-svc":"h3-29=\":443\"; ma=2592000,h3-T051=\":443\"; ma=2592000,h3-Q050=\":443\"; ma=2592000,h3-Q046=\":443\"; ma=2592000,h3-Q043=\":443\"; ma=2592000,quic=\":443\"; ma=2592000; v=\"46,43\"","accept-ranges":"none","transfer-encoding":"chunked"}
[debug] [2020-12-09T11:15:23.196Z] >>> HTTP REQUEST GET https://firebase.googleapis.com/v1beta1/projects/my-burger-app-ecaee  
 
[debug] [2020-12-09T11:15:24.229Z] <<< HTTP RESPONSE 200 {"content-type":"application/json; charset=UTF-8","vary":"X-Origin, Referer, Origin,Accept-Encoding","date":"Wed, 09 Dec 2020 11:15:24 GMT","server":"ESF","cache-control":"private","x-xss-protection":"0","x-frame-options":"SAMEORIGIN","x-content-type-options":"nosniff","alt-svc":"h3-29=\":443\"; ma=2592000,h3-T051=\":443\"; ma=2592000,h3-Q050=\":443\"; ma=2592000,h3-Q046=\":443\"; ma=2592000,h3-Q043=\":443\"; ma=2592000,quic=\":443\"; ma=2592000; v=\"46,43\"","accept-ranges":"none","transfer-encoding":"chunked"}
[info] 
[info] === Deploying to 'my-burger-app-ecaee'...
[info] 
[info] i  deploying hosting 
[debug] [2020-12-09T11:15:24.241Z] >>> HTTP REQUEST POST https://firebasehosting.googleapis.com/v1beta1/sites/my-burger-app-ecaee/versions  
 {"config":{"rewrites":[{"glob":"**","path":"/index.html"}]},"labels":{"deployment-tool":"cli-firebase"}}
